<?xml version="1.0" encoding="UTF-8"?>
<!-- Generated by org.testng.reporters.JUnitXMLReporter -->
<testsuite hostname="leanft-PC" ignored="2" name="Default test" tests="2" failures="0" timestamp="25 Jun 2017 14:48:37 GMT" time="16.335" errors="0">
  <testcase name="testLogin" time="5.659" classname="test.HomePageTest"/>
  <testcase name="testLogin" time="3.95" classname="test.HomePageTest"/>
  <testcase name="checkHomePageSections" time="0.0" classname="test.HomePageTest">
    <ignored/>
  </testcase> <!-- checkHomePageSections -->
  <testcase name="checkSpecials" time="0.0" classname="test.HomePageTest">
    <ignored/>
  </testcase> <!-- checkSpecials -->
</testsuite> <!-- Default test -->
