<?xml version="1.0" encoding="UTF-8"?>
<!-- Generated by org.testng.reporters.JUnitXMLReporter -->
<testsuite hostname="leanft-PC" ignored="0" name="Sanity" tests="4" failures="0" timestamp="25 Jun 2017 16:07:35 GMT" time="43.895" errors="0">
  <testcase name="checkHomePageSections" time="10.031" classname="test.HomePageTest"/>
  <testcase name="testLogin" time="7.816" classname="test.HomePageTest"/>
  <testcase name="testLogin" time="5.178" classname="test.HomePageTest"/>
  <testcase name="checkSpecials" time="4.693" classname="test.HomePageTest"/>
</testsuite> <!-- Sanity -->
